<?xml version="1.0" encoding="UTF-8"?>
<testsuite xmlns:xsi="http://www.w3.org/2001/XMLSchema-instance" xsi:noNamespaceSchemaLocation="https://maven.apache.org/surefire/maven-surefire-plugin/xsd/surefire-test-report-3.0.xsd" version="3.0" name="EventCardsTest" time="0.049" tests="8" errors="0" skipped="1" failures="0">
  <properties>
[...]
</properties>
  <testcase name="testInventionMaxTwoResources" classname="EventCardsTest" time="0.011">
    <system-out><![CDATA[[DEBUG] Invention> before=0 after=2
]]></system-out>
  </testcase>
  <testcase name="testFraternalFeudsOpponentGivesCards" classname="EventCardsTest" time="0.004">
    <system-out><![CDATA[[DEBUG] FraternalFeuds> initial hand size=3
[DEBUG] FraternalFeuds> after removal size=1
]]></system-out>
  </testcase>
  <testcase name="testTradeShipsRaceWinnerGetsResource" classname="EventCardsTest" time="0">
    <skipped message="Will find out why not work"/>
  </testcase>
  <testcase name="testYearOfPlentyFillsStorage" classname="EventCardsTest" time="0.005">
    <system-out><![CDATA[[DEBUG] YearOfPlenty> region production=1
]]></system-out>
  </testcase>
  <testcase name="testYuleReshufflesEvents" classname="EventCardsTest" time="0.01">
    <system-out><![CDATA[[DEBUG] Yule> initial events size=9
[DEBUG] Yule> before=[Year of Plenty, Year of Plenty, Invention, Fraternal Feuds, Trade Ships Race, Yule, Traveling Merchant, Traveling Merchant, Feud] after=[Fraternal Feuds, Traveling Merchant, Yule, Trade Ships Race, Traveling Merchant, Year of Plenty, Invention, Feud, Year of Plenty]
]]></system-out>
  </testcase>
  <testcase name="testFeudWithThreeOrFewerBuildings" classname="EventCardsTest" time="0.003">
    <system-out><![CDATA[[DEBUG] Feud(≤3)> before=3 after=2
]]></system-out>
  </testcase>
  <testcase name="testTravelingMerchantPaysGoldForResources" classname="EventCardsTest" time="0.001">
    <system-out><![CDATA[[DEBUG] TravelingMerchant> gold=0 any=2
]]></system-out>
  </testcase>
  <testcase name="testFeudWithMoreThanThreeBuildings" classname="EventCardsTest" time="0.002">
    <system-out><![CDATA[[DEBUG] Feud> before=4 after=3
]]></system-out>
  </testcase>
</testsuite>