<?xml version="1.0" encoding="UTF-8"?>
<testsuite xmlns:xsi="http://www.w3.org/2001/XMLSchema-instance" xsi:noNamespaceSchemaLocation="https://maven.apache.org/surefire/maven-surefire-plugin/xsd/surefire-test-report-3.0.xsd" version="3.0" name="CardTest" time="0.061" tests="20" errors="0" skipped="9" failures="0">
  <properties>
[...]
</properties>
  <testcase name="testRelocationExpansionSwapFail" classname="CardTest" time="0.007">
    <system-out><![CDATA[ApplyEffect: Relocation at (0,0)
PROMPT: Relocation - Type 'REGION' to swap two regions or 'EXP' to swap two expansions:
PROMPT: Enter first coordinate (row col):
PROMPT: Enter second coordinate (row col):
Relocation: both positions must contain cards.
]]></system-out>
  </testcase>
  <testcase name="testRelocationRegionSwap" classname="CardTest" time="0">
    <skipped message="void CardTest.testRelocationRegionSwap() is @Disabled"/>
  </testcase>
  <testcase name="testApplyEffectRoad" classname="CardTest" time="0">
    <skipped message="void CardTest.testApplyEffectRoad() is @Disabled"/>
  </testcase>
  <testcase name="testLoadBasicCards" classname="CardTest" time="0.018"/>
  <testcase name="testAsInt" classname="CardTest" time="0.001"/>
  <testcase name="testPopCardByName" classname="CardTest" time="0.001"/>
  <testcase name="testMerchantCaravan" classname="CardTest" time="0">
    <skipped message="void CardTest.testMerchantCaravan() is @Disabled"/>
  </testcase>
  <testcase name="testToStringAndCompareTo" classname="CardTest" time="0.001"/>
  <testcase name="testApplyEffectDefault" classname="CardTest" time="0.001">
    <system-out><![CDATA[ApplyEffect: Weird at (1,1)
]]></system-out>
  </testcase>
  <testcase name="testApplyEffectSettlementWithoutRoad" classname="CardTest" time="0">
    <skipped message="void CardTest.testApplyEffectSettlementWithoutRoad() is @Disabled"/>
  </testcase>
  <testcase name="testDefaultActionCard" classname="CardTest" time="0">
    <skipped message="void CardTest.testDefaultActionCard() is @Disabled"/>
  </testcase>
  <testcase name="testScoutFlagSet" classname="CardTest" time="0.001">
    <system-out><![CDATA[ApplyEffect: Scout at (0,0)
]]></system-out>
  </testcase>
  <testcase name="testGoldsmithNotEnoughGold" classname="CardTest" time="0">
    <skipped message="void CardTest.testGoldsmithNotEnoughGold() is @Disabled"/>
  </testcase>
  <testcase name="testExtractCardsByAttribute" classname="CardTest" time="0.001"/>
  <testcase name="testScoutSettlementUsesPickRegion" classname="CardTest" time="0">
    <skipped message="void CardTest.testScoutSettlementUsesPickRegion() is @Disabled"/>
  </testcase>
  <testcase name="testGoldsmithSuccess" classname="CardTest" time="0">
    <skipped message="void CardTest.testGoldsmithSuccess() is @Disabled"/>
  </testcase>
  <testcase name="testBrigittaFlagSet" classname="CardTest" time="0.001">
    <system-out><![CDATA[ApplyEffect: Brigitta the Wise Woman at (0,0)
]]></system-out>
  </testcase>
  <testcase name="testRelocationBadChoice" classname="CardTest" time="0">
    <skipped message="void CardTest.testRelocationBadChoice() is @Disabled"/>
  </testcase>
  <testcase name="testBuildingBoostsRegion" classname="CardTest" time="0.001"/>
  <testcase name="testNmEqualsAndNmAt" classname="CardTest" time="0.001"/>
</testsuite>